<?xml version="1.0" encoding="UTF-8"?>
<testng-results skipped="0" failed="0" ignored="0" total="1" passed="1">
  <reporter-output>
  </reporter-output>
  <suite name="Suite" duration-ms="13735" started-at="2022-04-23T22:21:59 IST" finished-at="2022-04-23T22:22:13 IST">
    <groups>
      <group name="cucumber">
        <method signature="AbstractTestNGCucumberTests.runScenario(io.cucumber.testng.PickleWrapper,io.cucumber.testng.FeatureWrapper)[pri:0, instance:tests.MyRunner@7e2d773b]" name="runScenario" class="io.cucumber.testng.AbstractTestNGCucumberTests"/>
      </group> <!-- cucumber -->
    </groups>
    <test name="Test" duration-ms="13735" started-at="2022-04-23T22:21:59 IST" finished-at="2022-04-23T22:22:13 IST">
      <class name="tests.MyRunner">
        <test-method status="PASS" signature="setUpClass(org.testng.ITestContext)[pri:0, instance:tests.MyRunner@7e2d773b]" name="setUpClass" is-config="true" duration-ms="362" started-at="2022-04-23T22:21:59 IST" finished-at="2022-04-23T22:21:59 IST">
          <params>
            <param index="0">
              <value>
                <![CDATA[org.testng.TestRunner@642f9a77]]>
              </value>
            </param>
          </params>
          <reporter-output>
          </reporter-output>
        </test-method> <!-- setUpClass -->
        <test-method status="PASS" signature="runScenario(io.cucumber.testng.PickleWrapper,io.cucumber.testng.FeatureWrapper)[pri:0, instance:tests.MyRunner@7e2d773b]" name="runScenario" duration-ms="13281" started-at="2022-04-23T22:22:00 IST" description="Runs Cucumber Scenarios" data-provider="scenarios" finished-at="2022-04-23T22:22:13 IST">
          <params>
            <param index="0">
              <value>
                <![CDATA["title testing"]]>
              </value>
            </param>
            <param index="1">
              <value>
                <![CDATA["Optional[google search]"]]>
              </value>
            </param>
          </params>
          <reporter-output>
          </reporter-output>
        </test-method> <!-- runScenario -->
        <test-method status="PASS" signature="tearDownClass()[pri:0, instance:tests.MyRunner@7e2d773b]" name="tearDownClass" is-config="true" duration-ms="60" started-at="2022-04-23T22:22:13 IST" finished-at="2022-04-23T22:22:13 IST">
          <reporter-output>
          </reporter-output>
        </test-method> <!-- tearDownClass -->
      </class> <!-- tests.MyRunner -->
    </test> <!-- Test -->
  </suite> <!-- Suite -->
</testng-results>
